<?xml version="1.0" encoding="UTF-8"?>
<!-- Generated by org.testng.reporters.JUnitReportReporter -->
<testsuite hostname="DESKTOP-BBO4LET" failures="0" tests="1" name="Authorization.Basic" time="6.184" errors="0" timestamp="2024-04-10T15:44:17 IST" skipped="0">
  <testcase classname="Authorization.Basic" name="BasicAuthentification" time="6.184"/>
  <system-out/>
</testsuite> <!-- Authorization.Basic -->
