<?xml version="1.0" encoding="UTF-8"?>
<!-- Generated by org.testng.reporters.JUnitReportReporter -->
<testsuite hostname="DESKTOP-BBO4LET" failures="0" tests="1" name="Learning.HTTPS" time="4.864" errors="0" timestamp="2024-04-08T12:33:08 IST" skipped="0">
  <testcase classname="Learning.HTTPS" name="create" time="4.864"/>
  <system-out/>
</testsuite> <!-- Learning.HTTPS -->
