<?xml version="1.0" encoding="UTF-8"?>
<!-- Generated by org.testng.reporters.JUnitReportReporter -->
<testsuite hostname="DESKTOP-BBO4LET" failures="0" tests="2" name="Authorization.DigestNPreempive" time="6.719" errors="0" timestamp="2024-04-10T15:53:27 IST" skipped="0">
  <testcase classname="Authorization.DigestNPreempive" name="DigestAuthentification" time="5.438"/>
  <system-out/>
  <testcase classname="Authorization.DigestNPreempive" name="prempiveAuthentification" time="1.281"/>
  <system-out/>
</testsuite> <!-- Authorization.DigestNPreempive -->
