<?xml version="1.0" encoding="UTF-8"?>
<!-- Generated by org.testng.reporters.JUnitReportReporter -->
<testsuite hostname="DESKTOP-BBO4LET" failures="0" tests="1" name="PathAndQueryParameter.CookiesNHeaders" time="1.797" errors="0" timestamp="2024-04-09T12:28:42 IST" skipped="0">
  <testcase classname="PathAndQueryParameter.CookiesNHeaders" name="cookie" time="1.797"/>
  <system-out/>
</testsuite> <!-- PathAndQueryParameter.CookiesNHeaders -->
