<?xml version="1.0" encoding="UTF-8"?>
<!-- Generated by org.testng.reporters.JUnitReportReporter -->
<testsuite hostname="DESKTOP-BBO4LET" failures="0" tests="1" name="PathAndQueryParameter.header" time="1.794" errors="0" timestamp="2024-04-09T12:42:37 IST" skipped="0">
  <testcase classname="PathAndQueryParameter.header" name="cookie" time="1.794"/>
  <system-out/>
</testsuite> <!-- PathAndQueryParameter.header -->
