<?xml version="1.0" encoding="UTF-8"?>
<!-- Generated by org.testng.reporters.JUnitReportReporter -->
<testsuite hostname="DESKTOP-BBO4LET" failures="0" tests="1" name="ParsingResponseBody.ParsingResponseJson" time="1.823" errors="0" timestamp="2024-04-09T13:27:03 IST" skipped="0">
  <testcase classname="ParsingResponseBody.ParsingResponseJson" name="responsem2" time="1.823"/>
  <system-out/>
</testsuite> <!-- ParsingResponseBody.ParsingResponseJson -->
