<?xml version="1.0" encoding="UTF-8"?>
<!-- Generated by org.testng.reporters.JUnitReportReporter -->
<testsuite hostname="DESKTOP-BBO4LET" failures="0" tests="2" name="CreatingPostRequest.Jsonway" time="2.238" errors="0" timestamp="2024-04-08T13:58:26 IST" skipped="0">
  <testcase classname="CreatingPostRequest.Jsonway" name="HashMp" time="2.191"/>
  <system-out/>
  <testcase classname="CreatingPostRequest.Jsonway" name="TestDel" time="0.047"/>
  <system-out/>
</testsuite> <!-- CreatingPostRequest.Jsonway -->
