<?xml version="1.0" encoding="UTF-8"?>
<!-- Generated by org.testng.reporters.JUnitReportReporter -->
<testsuite hostname="DESKTOP-BBO4LET" failures="0" tests="1" name="GoRestChaining.createUser" time="3.290" errors="0" timestamp="2024-04-11T12:06:17 IST" skipped="0">
  <testcase classname="GoRestChaining.createUser" name="craeteUsr" time="3.290"/>
  <system-out/>
</testsuite> <!-- GoRestChaining.createUser -->
