<?xml version="1.0" encoding="UTF-8"?>
<!-- Generated by org.testng.reporters.JUnitReportReporter -->
<testsuite hostname="DESKTOP-BBO4LET" failures="0" tests="1" name="faker.Fakerlib" time="0.151" errors="0" timestamp="2024-04-10T16:17:21 IST" skipped="0">
  <testcase classname="faker.Fakerlib" name="Fakerlibrary" time="0.151"/>
  <system-out/>
</testsuite> <!-- faker.Fakerlib -->
