<?xml version="1.0" encoding="UTF-8"?>
<!-- Generated by org.testng.reporters.JUnitReportReporter -->
<testsuite hostname="DESKTOP-BBO4LET" failures="0" tests="2" name="CreatingPostRequest.Orgjson" time="3.992" errors="0" timestamp="2024-04-08T15:16:54 IST" skipped="0">
  <testcase classname="CreatingPostRequest.Orgjson" name="jsonorg" time="3.923"/>
  <system-out/>
  <testcase classname="CreatingPostRequest.Orgjson" name="TestDel" time="0.069"/>
  <system-out/>
</testsuite> <!-- CreatingPostRequest.Orgjson -->
