<?xml version="1.0" encoding="UTF-8"?>
<!-- Generated by org.testng.reporters.JUnitReportReporter -->
<testsuite hostname="DESKTOP-BBO4LET" failures="0" tests="1" name="PathAndQueryParameter.PathAndQuery" time="2.170" errors="0" timestamp="2024-04-09T12:28:26 IST" skipped="0">
  <testcase classname="PathAndQueryParameter.PathAndQuery" name="query" time="2.170"/>
  <system-out/>
</testsuite> <!-- PathAndQueryParameter.PathAndQuery -->
